Using pre-set license
Built from '2020.3/staging' branch; Version is '2020.3.33f1 (915a7af8b0d5) revision 9525882'; Using compiler version '192528614'; Build Type 'Release'
OS: 'Windows 10  (10.0.19043) 64bit Professional' Language: 'en' Physical Memory: 65470 MB
BatchMode: 1, IsHumanControllingUs: 0, StartBugReporterOnCrash: 0, Is64bit: 1, IsPro: 0

COMMAND LINE ARGUMENTS:
C:\Program Files\Unity\Hub\Editor\2020.3.33f1\Editor\Unity.exe
-adb2
-batchMode
-noUpm
-name
AssetImportWorker0
-projectPath
C:/Users/seise/OneDrive/Documents/FelicityAmeliaSam/PuddleDanceVR
-logFile
Logs/AssetImportWorker0.log
-srvPort
49379
Successfully changed project path to: C:/Users/seise/OneDrive/Documents/FelicityAmeliaSam/PuddleDanceVR
C:/Users/seise/OneDrive/Documents/FelicityAmeliaSam/PuddleDanceVR
Using Asset Import Pipeline V2.
Refreshing native plugins compatible for Editor in 65.43 ms, found 14 plugins.
Preloading 2 native plugins for Editor in 1.91 ms.
Initialize engine version: 2020.3.33f1 (915a7af8b0d5)
[Subsystems] Discovering subsystems at path C:/Program Files/Unity/Hub/Editor/2020.3.33f1/Editor/Data/Resources/UnitySubsystems
[Subsystems] Discovering subsystems at path C:/Users/seise/OneDrive/Documents/FelicityAmeliaSam/PuddleDanceVR/Assets
GfxDevice: creating device client; threaded=0
Direct3D:
    Version:  Direct3D 11.0 [level 11.1]
    Renderer: NVIDIA Quadro P6000 (ID=0x1b30)
    Vendor:   
    VRAM:     24424 MB
    Driver:   27.21.14.6296
Shader 'Custom/RainShader': fallback shader 'Particles/Alpha Blended' not found
Initialize mono
Mono path[0] = 'C:/Program Files/Unity/Hub/Editor/2020.3.33f1/Editor/Data/Managed'
Mono path[1] = 'C:/Program Files/Unity/Hub/Editor/2020.3.33f1/Editor/Data/MonoBleedingEdge/lib/mono/unityjit'
Mono config path = 'C:/Program Files/Unity/Hub/Editor/2020.3.33f1/Editor/Data/MonoBleedingEdge/etc'
Using monoOptions --debugger-agent=transport=dt_socket,embedding=1,server=y,suspend=n,address=127.0.0.1:56320
Begin MonoManager ReloadAssembly
Registering precompiled unity dll's ...
Register platform support module: C:/Program Files/Unity/Hub/Editor/2020.3.33f1/Editor/Data/PlaybackEngines/WindowsStandaloneSupport/UnityEditor.WindowsStandalone.Extensions.dll
Registered in 0.002056 seconds.
Native extension for WindowsStandalone target not found
Refreshing native plugins compatible for Editor in 50.42 ms, found 14 plugins.
Preloading 2 native plugins for Editor in 0.19 ms.
Mono: successfully reloaded assembly
- Completed reload, in  0.514 seconds
Domain Reload Profiling:
	ReloadAssembly (514ms)
		BeginReloadAssembly (57ms)
			ExecutionOrderSort (0ms)
			DisableScriptedObjects (0ms)
			BackupInstance (0ms)
			ReleaseScriptingObjects (0ms)
			CreateAndSetChildDomain (1ms)
		EndReloadAssembly (393ms)
			LoadAssemblies (54ms)
			RebuildTransferFunctionScriptingTraits (0ms)
			SetupTypeCache (129ms)
			ReleaseScriptCaches (0ms)
			RebuildScriptCaches (25ms)
			SetupLoadedEditorAssemblies (152ms)
				LogAssemblyErrors (0ms)
				InitializePlatformSupportModulesInManaged (4ms)
				SetLoadedEditorAssemblies (0ms)
				RefreshPlugins (51ms)
				BeforeProcessingInitializeOnLoad (6ms)
				ProcessInitializeOnLoadAttributes (68ms)
				ProcessInitializeOnLoadMethodAttributes (23ms)
				AfterProcessingInitializeOnLoad (0ms)
				EditorAssembliesLoaded (0ms)
			ExecutionOrderSort2 (0ms)
			AwakeInstancesAfterBackupRestoration (0ms)
Platform modules already initialized, skipping
Registering precompiled user dll's ...
Registered in 0.010382 seconds.
Begin MonoManager ReloadAssembly
Symbol file LoadedFromMemory doesn't match image C:\Users\seise\OneDrive\Documents\FelicityAmeliaSam\PuddleDanceVR\Library\PackageCache\com.unity.collab-proxy@1.15.15\Lib\Editor\PlasticSCM\unityplastic.dll
Native extension for WindowsStandalone target not found
Refreshing native plugins compatible for Editor in 0.73 ms, found 14 plugins.
Preloading 2 native plugins for Editor in 0.17 ms.
[XR] OculusXRPlugin: registering subsystems
[XR] Unable to register display lifecyle provider: [1]
[XR] Oculus Input lifecycle provider registered.
[XR] Unable to register input lifecyle provider: [1]
System.Reflection.TargetInvocationException: Exception has been thrown by the target of an invocation. ---> System.NullReferenceException: Object reference not set to an instance of an object
  at Unity.XR.Oculus.OculusLoader.AssetPathToAbsolutePath (System.String assetPath) [0x00048] in C:\Users\seise\OneDrive\Documents\FelicityAmeliaSam\PuddleDanceVR\Library\PackageCache\com.unity.xr.oculus@1.12.0\Runtime\OculusLoader.cs:251 
  at Unity.XR.Oculus.OculusLoader.EditorLoadOVRPlugin () [0x0007b] in C:\Users\seise\OneDrive\Documents\FelicityAmeliaSam\PuddleDanceVR\Library\PackageCache\com.unity.xr.oculus@1.12.0\Runtime\OculusLoader.cs:236 
  at (wrapper managed-to-native) System.Reflection.MonoMethod.InternalInvoke(System.Reflection.MonoMethod,object,object[],System.Exception&)
  at System.Reflection.MonoMethod.Invoke (System.Object obj, System.Reflection.BindingFlags invokeAttr, System.Reflection.Binder binder, System.Object[] parameters, System.Globalization.CultureInfo culture) [0x00032] in <695d1cc93cca45069c528c15c9fdd749>:0 
   --- End of inner exception stack trace ---
  at System.Reflection.MonoMethod.Invoke (System.Object obj, System.Reflection.BindingFlags invokeAttr, System.Reflection.Binder binder, System.Object[] parameters, System.Globalization.CultureInfo culture) [0x00048] in <695d1cc93cca45069c528c15c9fdd749>:0 
  at System.Reflection.MethodBase.Invoke (System.Object obj, System.Object[] parameters) [0x00000] in <695d1cc93cca45069c528c15c9fdd749>:0 
  at UnityEditor.EditorAssemblies.ProcessInitializeOnLoadMethodAttributes () [0x00047] in <3371b3e2e5754acd87e600e068350da5>:0 
UnityEngine.StackTraceUtility:ExtractStackTrace ()
UnityEngine.DebugLogHandler:LogFormat (UnityEngine.LogType,UnityEngine.Object,string,object[])
UnityEngine.Logger:Log (UnityEngine.LogType,object)
UnityEngine.Debug:LogError (object)
UnityEditor.EditorAssemblies:ProcessInitializeOnLoadMethodAttributes ()

Mono: successfully reloaded assembly
- Completed reload, in  0.930 seconds
Domain Reload Profiling:
	ReloadAssembly (931ms)
		BeginReloadAssembly (130ms)
			ExecutionOrderSort (0ms)
			DisableScriptedObjects (4ms)
			BackupInstance (0ms)
			ReleaseScriptingObjects (0ms)
			CreateAndSetChildDomain (17ms)
		EndReloadAssembly (748ms)
			LoadAssemblies (86ms)
			RebuildTransferFunctionScriptingTraits (0ms)
			SetupTypeCache (260ms)
			ReleaseScriptCaches (0ms)
			RebuildScriptCaches (43ms)
			SetupLoadedEditorAssemblies (278ms)
				LogAssemblyErrors (0ms)
				InitializePlatformSupportModulesInManaged (4ms)
				SetLoadedEditorAssemblies (1ms)
				RefreshPlugins (1ms)
				BeforeProcessingInitializeOnLoad (65ms)
				ProcessInitializeOnLoadAttributes (183ms)
				ProcessInitializeOnLoadMethodAttributes (18ms)
				AfterProcessingInitializeOnLoad (6ms)
				EditorAssembliesLoaded (0ms)
			ExecutionOrderSort2 (0ms)
			AwakeInstancesAfterBackupRestoration (5ms)
Platform modules already initialized, skipping
========================================================================
Worker process is ready to serve import requests
Shader 'Custom/RainShader': fallback shader 'Particles/Alpha Blended' not found
Launched and connected shader compiler UnityShaderCompiler.exe after 0.06 seconds
Refreshing native plugins compatible for Editor in 0.79 ms, found 14 plugins.
Preloading 2 native plugins for Editor in 0.15 ms.
Unloading 2264 Unused Serialized files (Serialized files now loaded: 0)
System memory in use before: 96.8 MB.
System memory in use after: 96.9 MB.

Unloading 21 unused Assets to reduce memory usage. Loaded Objects now: 2710.
Total: 2.634600 ms (FindLiveObjects: 0.185100 ms CreateObjectMapping: 0.075300 ms MarkObjects: 2.317400 ms  DeleteObjects: 0.056200 ms)

AssetImportParameters requested are different than current active one (requested -> active):
  custom:framework-win-MediaFoundation: 216162199b28c13a410421893ffa2e32 -> 
  custom:video-decoder-ogg-theora: a1e56fd34408186e4bbccfd4996cb3dc -> 
  custom:container-muxer-webm: aa71ff27fc2769a1b78a27578f13a17b -> 
  custom:container-demuxer-webm: 4f35f7cbe854078d1ac9338744f61a02 -> 
  custom:container-demuxer-ogg: 62fdf1f143b41e24485cea50d1cbac27 -> 
  custom:video-encoder-webm-vp8: eb34c28f22e8b96e1ab97ce403110664 -> 
  custom:video-decoder-webm-vp8: 9c59270c3fd7afecdb556c50c9e8de78 -> 
  custom:audio-decoder-ogg-vorbis: bf7c407c2cedff20999df2af8eb42d56 -> 
  custom:audio-encoder-webm-vorbis: bf7c407c2cedff20999df2af8eb42d56 -> 
========================================================================
Received Import Request.
  path: Assets/Effects/ExplodeR.prefab
  artifactKey: Guid(c0a15d884e5e7a9468ab38bba8a32604) Importer(815301076,1909f56bfc062723c751e8b465ee728b)
Start importing Assets/Effects/ExplodeR.prefab using Guid(c0a15d884e5e7a9468ab38bba8a32604) Importer(815301076,1909f56bfc062723c751e8b465ee728b)  -> (artifact id: 'ce4974f8025b1d5fef860ebd7aa4743a') in 0.099684 seconds 
========================================================================
Received Import Request.
  Time since last request: 10.461569 seconds.
  path: Assets/Effects/ExplodeR.prefab
  artifactKey: Guid(c0a15d884e5e7a9468ab38bba8a32604) Importer(815301076,1909f56bfc062723c751e8b465ee728b)
Start importing Assets/Effects/ExplodeR.prefab using Guid(c0a15d884e5e7a9468ab38bba8a32604) Importer(815301076,1909f56bfc062723c751e8b465ee728b)  -> (artifact id: '502c1cf14ce00f40d8a7fa49c85bf97f') in 0.012746 seconds 
========================================================================
Received Import Request.
  Time since last request: 0.576878 seconds.
  path: Assets/Effects/ExplodeR.prefab
  artifactKey: Guid(c0a15d884e5e7a9468ab38bba8a32604) Importer(815301076,1909f56bfc062723c751e8b465ee728b)
Start importing Assets/Effects/ExplodeR.prefab using Guid(c0a15d884e5e7a9468ab38bba8a32604) Importer(815301076,1909f56bfc062723c751e8b465ee728b)  -> (artifact id: '9c8356949ba52097062252829a958a95') in 0.010928 seconds 
========================================================================
Received Import Request.
  Time since last request: 0.926040 seconds.
  path: Assets/Effects/ExplodeR.prefab
  artifactKey: Guid(c0a15d884e5e7a9468ab38bba8a32604) Importer(815301076,1909f56bfc062723c751e8b465ee728b)
Start importing Assets/Effects/ExplodeR.prefab using Guid(c0a15d884e5e7a9468ab38bba8a32604) Importer(815301076,1909f56bfc062723c751e8b465ee728b)  -> (artifact id: '1a20e576808f0731145bd3ff696cdefa') in 0.011328 seconds 
========================================================================
Received Import Request.
  Time since last request: 41.337675 seconds.
  path: Assets/Effects/ExplodeR.prefab
  artifactKey: Guid(c0a15d884e5e7a9468ab38bba8a32604) Importer(815301076,1909f56bfc062723c751e8b465ee728b)
Start importing Assets/Effects/ExplodeR.prefab using Guid(c0a15d884e5e7a9468ab38bba8a32604) Importer(815301076,1909f56bfc062723c751e8b465ee728b)  -> (artifact id: '266e5bea591dd605e2e0f2e4540bca30') in 0.011693 seconds 
========================================================================
Received Import Request.
  Time since last request: 7.855274 seconds.
  path: Assets/Effects/ExplodeR.prefab
  artifactKey: Guid(c0a15d884e5e7a9468ab38bba8a32604) Importer(815301076,1909f56bfc062723c751e8b465ee728b)
Start importing Assets/Effects/ExplodeR.prefab using Guid(c0a15d884e5e7a9468ab38bba8a32604) Importer(815301076,1909f56bfc062723c751e8b465ee728b)  -> (artifact id: 'c52e65d2aa5df06e509fb5617050e073') in 0.011751 seconds 
========================================================================
Received Import Request.
  Time since last request: 28.979201 seconds.
  path: Assets/Effects/ExplodeR.prefab
  artifactKey: Guid(c0a15d884e5e7a9468ab38bba8a32604) Importer(815301076,1909f56bfc062723c751e8b465ee728b)
Start importing Assets/Effects/ExplodeR.prefab using Guid(c0a15d884e5e7a9468ab38bba8a32604) Importer(815301076,1909f56bfc062723c751e8b465ee728b)  -> (artifact id: 'ef8cb1a56ad0ba1888007cbd284025ed') in 0.011298 seconds 
========================================================================
Received Import Request.
  Time since last request: 29.032252 seconds.
  path: Assets/Effects/ExplodeR.prefab
  artifactKey: Guid(c0a15d884e5e7a9468ab38bba8a32604) Importer(815301076,1909f56bfc062723c751e8b465ee728b)
Start importing Assets/Effects/ExplodeR.prefab using Guid(c0a15d884e5e7a9468ab38bba8a32604) Importer(815301076,1909f56bfc062723c751e8b465ee728b)  -> (artifact id: '7e1b853fcb425eff0333e17550077935') in 0.012852 seconds 
========================================================================
Received Import Request.
  Time since last request: 2.824792 seconds.
  path: Assets/Effects/ExplodeR.prefab
  artifactKey: Guid(c0a15d884e5e7a9468ab38bba8a32604) Importer(815301076,1909f56bfc062723c751e8b465ee728b)
Start importing Assets/Effects/ExplodeR.prefab using Guid(c0a15d884e5e7a9468ab38bba8a32604) Importer(815301076,1909f56bfc062723c751e8b465ee728b)  -> (artifact id: '995586f663f7fdf25f53ca5847200508') in 0.011317 seconds 
========================================================================
Received Import Request.
  Time since last request: 19.760562 seconds.
  path: Assets/Effects/ExplodeR.prefab
  artifactKey: Guid(c0a15d884e5e7a9468ab38bba8a32604) Importer(815301076,1909f56bfc062723c751e8b465ee728b)
Start importing Assets/Effects/ExplodeR.prefab using Guid(c0a15d884e5e7a9468ab38bba8a32604) Importer(815301076,1909f56bfc062723c751e8b465ee728b)  -> (artifact id: 'ffaca09308d3eb40fe833519f75dbe8d') in 0.011167 seconds 
========================================================================
Received Import Request.
  Time since last request: 14.490596 seconds.
  path: Assets/Effects/ExplodeR.prefab
  artifactKey: Guid(c0a15d884e5e7a9468ab38bba8a32604) Importer(815301076,1909f56bfc062723c751e8b465ee728b)
Start importing Assets/Effects/ExplodeR.prefab using Guid(c0a15d884e5e7a9468ab38bba8a32604) Importer(815301076,1909f56bfc062723c751e8b465ee728b)  -> (artifact id: '7d978ebd9cf0b369b804c39679db91c8') in 0.010485 seconds 
========================================================================
Received Import Request.
  Time since last request: 3.625331 seconds.
  path: Assets/Effects/ExplodeR.prefab
  artifactKey: Guid(c0a15d884e5e7a9468ab38bba8a32604) Importer(815301076,1909f56bfc062723c751e8b465ee728b)
Start importing Assets/Effects/ExplodeR.prefab using Guid(c0a15d884e5e7a9468ab38bba8a32604) Importer(815301076,1909f56bfc062723c751e8b465ee728b)  -> (artifact id: 'f5c1ff8bfbc8b717d8308822b95efe7a') in 0.012127 seconds 
========================================================================
Received Import Request.
  Time since last request: 30.369151 seconds.
  path: Assets/Effects/ExplodeR.prefab
  artifactKey: Guid(c0a15d884e5e7a9468ab38bba8a32604) Importer(815301076,1909f56bfc062723c751e8b465ee728b)
Start importing Assets/Effects/ExplodeR.prefab using Guid(c0a15d884e5e7a9468ab38bba8a32604) Importer(815301076,1909f56bfc062723c751e8b465ee728b)  -> (artifact id: '152dc83d43b0280cbc0f669f6ca3557b') in 0.012054 seconds 
========================================================================
Received Import Request.
  Time since last request: 14.907188 seconds.
  path: Assets/Effects/ExplodeR.prefab
  artifactKey: Guid(c0a15d884e5e7a9468ab38bba8a32604) Importer(815301076,1909f56bfc062723c751e8b465ee728b)
Start importing Assets/Effects/ExplodeR.prefab using Guid(c0a15d884e5e7a9468ab38bba8a32604) Importer(815301076,1909f56bfc062723c751e8b465ee728b)  -> (artifact id: '400d8d6ad71df5c362a7979df62548fa') in 0.010475 seconds 
========================================================================
Received Import Request.
  Time since last request: 22.573171 seconds.
  path: Assets/Effects/ExplodeR.prefab
  artifactKey: Guid(c0a15d884e5e7a9468ab38bba8a32604) Importer(815301076,1909f56bfc062723c751e8b465ee728b)
Start importing Assets/Effects/ExplodeR.prefab using Guid(c0a15d884e5e7a9468ab38bba8a32604) Importer(815301076,1909f56bfc062723c751e8b465ee728b)  -> (artifact id: '398989dede0131a8a2383c6cea32287d') in 0.010063 seconds 
========================================================================
Received Prepare
Registering precompiled user dll's ...
Registered in 0.010228 seconds.
Begin MonoManager ReloadAssembly
Symbol file LoadedFromMemory doesn't match image C:\Users\seise\OneDrive\Documents\FelicityAmeliaSam\PuddleDanceVR\Library\PackageCache\com.unity.collab-proxy@1.15.15\Lib\Editor\PlasticSCM\unityplastic.dll
Native extension for WindowsStandalone target not found
Refreshing native plugins compatible for Editor in 0.70 ms, found 14 plugins.
Preloading 2 native plugins for Editor in 0.15 ms.
System.Reflection.TargetInvocationException: Exception has been thrown by the target of an invocation. ---> System.NullReferenceException: Object reference not set to an instance of an object
  at Unity.XR.Oculus.OculusLoader.AssetPathToAbsolutePath (System.String assetPath) [0x00048] in C:\Users\seise\OneDrive\Documents\FelicityAmeliaSam\PuddleDanceVR\Library\PackageCache\com.unity.xr.oculus@1.12.0\Runtime\OculusLoader.cs:251 
  at Unity.XR.Oculus.OculusLoader.EditorLoadOVRPlugin () [0x0007b] in C:\Users\seise\OneDrive\Documents\FelicityAmeliaSam\PuddleDanceVR\Library\PackageCache\com.unity.xr.oculus@1.12.0\Runtime\OculusLoader.cs:236 
  at (wrapper managed-to-native) System.Reflection.MonoMethod.InternalInvoke(System.Reflection.MonoMethod,object,object[],System.Exception&)
  at System.Reflection.MonoMethod.Invoke (System.Object obj, System.Reflection.BindingFlags invokeAttr, System.Reflection.Binder binder, System.Object[] parameters, System.Globalization.CultureInfo culture) [0x00032] in <695d1cc93cca45069c528c15c9fdd749>:0 
   --- End of inner exception stack trace ---
  at System.Reflection.MonoMethod.Invoke (System.Object obj, System.Reflection.BindingFlags invokeAttr, System.Reflection.Binder binder, System.Object[] parameters, System.Globalization.CultureInfo culture) [0x00048] in <695d1cc93cca45069c528c15c9fdd749>:0 
  at System.Reflection.MethodBase.Invoke (System.Object obj, System.Object[] parameters) [0x00000] in <695d1cc93cca45069c528c15c9fdd749>:0 
  at UnityEditor.EditorAssemblies.ProcessInitializeOnLoadMethodAttributes () [0x00047] in <3371b3e2e5754acd87e600e068350da5>:0 
UnityEngine.StackTraceUtility:ExtractStackTrace ()
UnityEngine.DebugLogHandler:LogFormat (UnityEngine.LogType,UnityEngine.Object,string,object[])
UnityEngine.Logger:Log (UnityEngine.LogType,object)
UnityEngine.Debug:LogError (object)
UnityEditor.EditorAssemblies:ProcessInitializeOnLoadMethodAttributes ()

Mono: successfully reloaded assembly
- Completed reload, in  0.960 seconds
Domain Reload Profiling:
	ReloadAssembly (960ms)
		BeginReloadAssembly (102ms)
			ExecutionOrderSort (0ms)
			DisableScriptedObjects (4ms)
			BackupInstance (0ms)
			ReleaseScriptingObjects (0ms)
			CreateAndSetChildDomain (30ms)
		EndReloadAssembly (803ms)
			LoadAssemblies (85ms)
			RebuildTransferFunctionScriptingTraits (0ms)
			SetupTypeCache (317ms)
			ReleaseScriptCaches (1ms)
			RebuildScriptCaches (38ms)
			SetupLoadedEditorAssemblies (275ms)
				LogAssemblyErrors (0ms)
				InitializePlatformSupportModulesInManaged (4ms)
				SetLoadedEditorAssemblies (0ms)
				RefreshPlugins (1ms)
				BeforeProcessingInitializeOnLoad (61ms)
				ProcessInitializeOnLoadAttributes (184ms)
				ProcessInitializeOnLoadMethodAttributes (18ms)
				AfterProcessingInitializeOnLoad (7ms)
				EditorAssembliesLoaded (0ms)
			ExecutionOrderSort2 (0ms)
			AwakeInstancesAfterBackupRestoration (5ms)
Platform modules already initialized, skipping
Shader 'Custom/RainShader': fallback shader 'Particles/Alpha Blended' not found
Refreshing native plugins compatible for Editor in 0.76 ms, found 14 plugins.
Preloading 2 native plugins for Editor in 0.17 ms.
Unloading 2206 Unused Serialized files (Serialized files now loaded: 0)
System memory in use before: 97.5 MB.
System memory in use after: 97.7 MB.

Unloading 17 unused Assets to reduce memory usage. Loaded Objects now: 2722.
Total: 3.200300 ms (FindLiveObjects: 0.183300 ms CreateObjectMapping: 0.104800 ms MarkObjects: 2.863100 ms  DeleteObjects: 0.048000 ms)

AssetImportParameters requested are different than current active one (requested -> active):
  custom:framework-win-MediaFoundation: 216162199b28c13a410421893ffa2e32 -> 
  custom:video-decoder-ogg-theora: a1e56fd34408186e4bbccfd4996cb3dc -> 
  custom:container-muxer-webm: aa71ff27fc2769a1b78a27578f13a17b -> 
  custom:container-demuxer-webm: 4f35f7cbe854078d1ac9338744f61a02 -> 
  custom:container-demuxer-ogg: 62fdf1f143b41e24485cea50d1cbac27 -> 
  custom:video-encoder-webm-vp8: eb34c28f22e8b96e1ab97ce403110664 -> 
  custom:video-decoder-webm-vp8: 9c59270c3fd7afecdb556c50c9e8de78 -> 
  custom:audio-decoder-ogg-vorbis: bf7c407c2cedff20999df2af8eb42d56 -> 
  custom:audio-encoder-webm-vorbis: bf7c407c2cedff20999df2af8eb42d56 -> 
========================================================================
Received Import Request.
  Time since last request: 42.412868 seconds.
  path: Assets/Effects/ExplodeR.prefab
  artifactKey: Guid(c0a15d884e5e7a9468ab38bba8a32604) Importer(815301076,1909f56bfc062723c751e8b465ee728b)
Start importing Assets/Effects/ExplodeR.prefab using Guid(c0a15d884e5e7a9468ab38bba8a32604) Importer(815301076,1909f56bfc062723c751e8b465ee728b)  -> (artifact id: 'bce5536b97c072c1d123192f72f9bd9d') in 0.055477 seconds 
========================================================================
Received Import Request.
  Time since last request: 47.244724 seconds.
  path: Assets/Effects/ExplodeR.prefab
  artifactKey: Guid(c0a15d884e5e7a9468ab38bba8a32604) Importer(815301076,1909f56bfc062723c751e8b465ee728b)
Start importing Assets/Effects/ExplodeR.prefab using Guid(c0a15d884e5e7a9468ab38bba8a32604) Importer(815301076,1909f56bfc062723c751e8b465ee728b)  -> (artifact id: '4d113c1895b6eb41e235d265f52646e0') in 0.011180 seconds 
========================================================================
Received Import Request.
  Time since last request: 15.514646 seconds.
  path: Assets/Effects/ExplodeR.prefab
  artifactKey: Guid(c0a15d884e5e7a9468ab38bba8a32604) Importer(815301076,1909f56bfc062723c751e8b465ee728b)
Start importing Assets/Effects/ExplodeR.prefab using Guid(c0a15d884e5e7a9468ab38bba8a32604) Importer(815301076,1909f56bfc062723c751e8b465ee728b)  -> (artifact id: 'a1c301ad9020f297128472469c0faea3') in 0.010826 seconds 
========================================================================
Received Import Request.
  Time since last request: 1.186349 seconds.
  path: Assets/Effects/ExplodeR.prefab
  artifactKey: Guid(c0a15d884e5e7a9468ab38bba8a32604) Importer(815301076,1909f56bfc062723c751e8b465ee728b)
Start importing Assets/Effects/ExplodeR.prefab using Guid(c0a15d884e5e7a9468ab38bba8a32604) Importer(815301076,1909f56bfc062723c751e8b465ee728b)  -> (artifact id: '9e02ef9ef7e4d6b4fb6a1e6b1ad9cbe9') in 0.010885 seconds 
========================================================================
Received Import Request.
  Time since last request: 9.157025 seconds.
  path: Assets/Effects/ExplodeR.prefab
  artifactKey: Guid(c0a15d884e5e7a9468ab38bba8a32604) Importer(815301076,1909f56bfc062723c751e8b465ee728b)
Start importing Assets/Effects/ExplodeR.prefab using Guid(c0a15d884e5e7a9468ab38bba8a32604) Importer(815301076,1909f56bfc062723c751e8b465ee728b)  -> (artifact id: '65bd22cdaa89caa958c3b96ad413ee42') in 0.010226 seconds 
========================================================================
Received Import Request.
  Time since last request: 18.217869 seconds.
  path: Assets/Effects/ExplodeR.prefab
  artifactKey: Guid(c0a15d884e5e7a9468ab38bba8a32604) Importer(815301076,1909f56bfc062723c751e8b465ee728b)
Start importing Assets/Effects/ExplodeR.prefab using Guid(c0a15d884e5e7a9468ab38bba8a32604) Importer(815301076,1909f56bfc062723c751e8b465ee728b)  -> (artifact id: '93588b60becc0bc01a72fe840e27c9b9') in 0.011626 seconds 
========================================================================
Received Import Request.
  Time since last request: 3.022177 seconds.
  path: Assets/Effects/ExplodeR.prefab
  artifactKey: Guid(c0a15d884e5e7a9468ab38bba8a32604) Importer(815301076,1909f56bfc062723c751e8b465ee728b)
Start importing Assets/Effects/ExplodeR.prefab using Guid(c0a15d884e5e7a9468ab38bba8a32604) Importer(815301076,1909f56bfc062723c751e8b465ee728b)  -> (artifact id: '68b851044bea9e3c32e52f4544d59ecf') in 0.010266 seconds 
========================================================================
Received Import Request.
  Time since last request: 7.305136 seconds.
  path: Assets/Effects/ExplodeR.prefab
  artifactKey: Guid(c0a15d884e5e7a9468ab38bba8a32604) Importer(815301076,1909f56bfc062723c751e8b465ee728b)
Start importing Assets/Effects/ExplodeR.prefab using Guid(c0a15d884e5e7a9468ab38bba8a32604) Importer(815301076,1909f56bfc062723c751e8b465ee728b)  -> (artifact id: 'b97bba2c03fd442b0c845b81c075e0fb') in 0.009614 seconds 
========================================================================
Received Prepare
Registering precompiled user dll's ...
Registered in 0.010203 seconds.
Begin MonoManager ReloadAssembly
Symbol file LoadedFromMemory doesn't match image C:\Users\seise\OneDrive\Documents\FelicityAmeliaSam\PuddleDanceVR\Library\PackageCache\com.unity.collab-proxy@1.15.15\Lib\Editor\PlasticSCM\unityplastic.dll
Native extension for WindowsStandalone target not found
Refreshing native plugins compatible for Editor in 0.72 ms, found 14 plugins.
Preloading 2 native plugins for Editor in 0.19 ms.
System.Reflection.TargetInvocationException: Exception has been thrown by the target of an invocation. ---> System.NullReferenceException: Object reference not set to an instance of an object
  at Unity.XR.Oculus.OculusLoader.AssetPathToAbsolutePath (System.String assetPath) [0x00048] in C:\Users\seise\OneDrive\Documents\FelicityAmeliaSam\PuddleDanceVR\Library\PackageCache\com.unity.xr.oculus@1.12.0\Runtime\OculusLoader.cs:251 
  at Unity.XR.Oculus.OculusLoader.EditorLoadOVRPlugin () [0x0007b] in C:\Users\seise\OneDrive\Documents\FelicityAmeliaSam\PuddleDanceVR\Library\PackageCache\com.unity.xr.oculus@1.12.0\Runtime\OculusLoader.cs:236 
  at (wrapper managed-to-native) System.Reflection.MonoMethod.InternalInvoke(System.Reflection.MonoMethod,object,object[],System.Exception&)
  at System.Reflection.MonoMethod.Invoke (System.Object obj, System.Reflection.BindingFlags invokeAttr, System.Reflection.Binder binder, System.Object[] parameters, System.Globalization.CultureInfo culture) [0x00032] in <695d1cc93cca45069c528c15c9fdd749>:0 
   --- End of inner exception stack trace ---
  at System.Reflection.MonoMethod.Invoke (System.Object obj, System.Reflection.BindingFlags invokeAttr, System.Reflection.Binder binder, System.Object[] parameters, System.Globalization.CultureInfo culture) [0x00048] in <695d1cc93cca45069c528c15c9fdd749>:0 
  at System.Reflection.MethodBase.Invoke (System.Object obj, System.Object[] parameters) [0x00000] in <695d1cc93cca45069c528c15c9fdd749>:0 
  at UnityEditor.EditorAssemblies.ProcessInitializeOnLoadMethodAttributes () [0x00047] in <3371b3e2e5754acd87e600e068350da5>:0 
UnityEngine.StackTraceUtility:ExtractStackTrace ()
UnityEngine.DebugLogHandler:LogFormat (UnityEngine.LogType,UnityEngine.Object,string,object[])
UnityEngine.Logger:Log (UnityEngine.LogType,object)
UnityEngine.Debug:LogError (object)
UnityEditor.EditorAssemblies:ProcessInitializeOnLoadMethodAttributes ()

Mono: successfully reloaded assembly
- Completed reload, in  0.901 seconds
Domain Reload Profiling:
	ReloadAssembly (902ms)
		BeginReloadAssembly (101ms)
			ExecutionOrderSort (0ms)
			DisableScriptedObjects (3ms)
			BackupInstance (0ms)
			ReleaseScriptingObjects (0ms)
			CreateAndSetChildDomain (30ms)
		EndReloadAssembly (744ms)
			LoadAssemblies (88ms)
			RebuildTransferFunctionScriptingTraits (0ms)
			SetupTypeCache (274ms)
			ReleaseScriptCaches (1ms)
			RebuildScriptCaches (35ms)
			SetupLoadedEditorAssemblies (264ms)
				LogAssemblyErrors (0ms)
				InitializePlatformSupportModulesInManaged (4ms)
				SetLoadedEditorAssemblies (0ms)
				RefreshPlugins (1ms)
				BeforeProcessingInitializeOnLoad (61ms)
				ProcessInitializeOnLoadAttributes (174ms)
				ProcessInitializeOnLoadMethodAttributes (16ms)
				AfterProcessingInitializeOnLoad (6ms)
				EditorAssembliesLoaded (0ms)
			ExecutionOrderSort2 (0ms)
			AwakeInstancesAfterBackupRestoration (5ms)
Platform modules already initialized, skipping
Shader 'Custom/RainShader': fallback shader 'Particles/Alpha Blended' not found
Refreshing native plugins compatible for Editor in 0.85 ms, found 14 plugins.
Preloading 2 native plugins for Editor in 0.20 ms.
Unloading 2206 Unused Serialized files (Serialized files now loaded: 0)
System memory in use before: 97.5 MB.
System memory in use after: 97.7 MB.

Unloading 16 unused Assets to reduce memory usage. Loaded Objects now: 2727.
Total: 3.066600 ms (FindLiveObjects: 0.197100 ms CreateObjectMapping: 0.116800 ms MarkObjects: 2.731700 ms  DeleteObjects: 0.020400 ms)

AssetImportParameters requested are different than current active one (requested -> active):
  custom:framework-win-MediaFoundation: 216162199b28c13a410421893ffa2e32 -> 
  custom:video-decoder-ogg-theora: a1e56fd34408186e4bbccfd4996cb3dc -> 
  custom:container-muxer-webm: aa71ff27fc2769a1b78a27578f13a17b -> 
  custom:container-demuxer-webm: 4f35f7cbe854078d1ac9338744f61a02 -> 
  custom:container-demuxer-ogg: 62fdf1f143b41e24485cea50d1cbac27 -> 
  custom:video-encoder-webm-vp8: eb34c28f22e8b96e1ab97ce403110664 -> 
  custom:video-decoder-webm-vp8: 9c59270c3fd7afecdb556c50c9e8de78 -> 
  custom:audio-decoder-ogg-vorbis: bf7c407c2cedff20999df2af8eb42d56 -> 
  custom:audio-encoder-webm-vorbis: bf7c407c2cedff20999df2af8eb42d56 -> 
========================================================================
Received Import Request.
  Time since last request: 17.686165 seconds.
  path: Assets/Effects/ExplodeR.prefab
  artifactKey: Guid(c0a15d884e5e7a9468ab38bba8a32604) Importer(815301076,1909f56bfc062723c751e8b465ee728b)
Start importing Assets/Effects/ExplodeR.prefab using Guid(c0a15d884e5e7a9468ab38bba8a32604) Importer(815301076,1909f56bfc062723c751e8b465ee728b)  -> (artifact id: 'e34eaa111c9d5207cf829123c441d39c') in 0.055973 seconds 
========================================================================
Received Import Request.
  Time since last request: 1.565257 seconds.
  path: Assets/Effects/ExplodeR.prefab
  artifactKey: Guid(c0a15d884e5e7a9468ab38bba8a32604) Importer(815301076,1909f56bfc062723c751e8b465ee728b)
Start importing Assets/Effects/ExplodeR.prefab using Guid(c0a15d884e5e7a9468ab38bba8a32604) Importer(815301076,1909f56bfc062723c751e8b465ee728b)  -> (artifact id: '8326f061879b75b0531ce78093654c6f') in 0.009696 seconds 
========================================================================
Received Prepare
Registering precompiled user dll's ...
Registered in 0.010311 seconds.
Begin MonoManager ReloadAssembly
Symbol file LoadedFromMemory doesn't match image C:\Users\seise\OneDrive\Documents\FelicityAmeliaSam\PuddleDanceVR\Library\PackageCache\com.unity.collab-proxy@1.15.15\Lib\Editor\PlasticSCM\unityplastic.dll
Native extension for WindowsStandalone target not found
Refreshing native plugins compatible for Editor in 0.71 ms, found 14 plugins.
Preloading 2 native plugins for Editor in 0.15 ms.
System.Reflection.TargetInvocationException: Exception has been thrown by the target of an invocation. ---> System.NullReferenceException: Object reference not set to an instance of an object
  at Unity.XR.Oculus.OculusLoader.AssetPathToAbsolutePath (System.String assetPath) [0x00048] in C:\Users\seise\OneDrive\Documents\FelicityAmeliaSam\PuddleDanceVR\Library\PackageCache\com.unity.xr.oculus@1.12.0\Runtime\OculusLoader.cs:251 
  at Unity.XR.Oculus.OculusLoader.EditorLoadOVRPlugin () [0x0007b] in C:\Users\seise\OneDrive\Documents\FelicityAmeliaSam\PuddleDanceVR\Library\PackageCache\com.unity.xr.oculus@1.12.0\Runtime\OculusLoader.cs:236 
  at (wrapper managed-to-native) System.Reflection.MonoMethod.InternalInvoke(System.Reflection.MonoMethod,object,object[],System.Exception&)
  at System.Reflection.MonoMethod.Invoke (System.Object obj, System.Reflection.BindingFlags invokeAttr, System.Reflection.Binder binder, System.Object[] parameters, System.Globalization.CultureInfo culture) [0x00032] in <695d1cc93cca45069c528c15c9fdd749>:0 
   --- End of inner exception stack trace ---
  at System.Reflection.MonoMethod.Invoke (System.Object obj, System.Reflection.BindingFlags invokeAttr, System.Reflection.Binder binder, System.Object[] parameters, System.Globalization.CultureInfo culture) [0x00048] in <695d1cc93cca45069c528c15c9fdd749>:0 
  at System.Reflection.MethodBase.Invoke (System.Object obj, System.Object[] parameters) [0x00000] in <695d1cc93cca45069c528c15c9fdd749>:0 
  at UnityEditor.EditorAssemblies.ProcessInitializeOnLoadMethodAttributes () [0x00047] in <3371b3e2e5754acd87e600e068350da5>:0 
UnityEngine.StackTraceUtility:ExtractStackTrace ()
UnityEngine.DebugLogHandler:LogFormat (UnityEngine.LogType,UnityEngine.Object,string,object[])
UnityEngine.Logger:Log (UnityEngine.LogType,object)
UnityEngine.Debug:LogError (object)
UnityEditor.EditorAssemblies:ProcessInitializeOnLoadMethodAttributes ()

Mono: successfully reloaded assembly
- Completed reload, in  0.960 seconds
Domain Reload Profiling:
	ReloadAssembly (961ms)
		BeginReloadAssembly (101ms)
			ExecutionOrderSort (0ms)
			DisableScriptedObjects (4ms)
			BackupInstance (0ms)
			ReleaseScriptingObjects (0ms)
			CreateAndSetChildDomain (30ms)
		EndReloadAssembly (780ms)
			LoadAssemblies (90ms)
			RebuildTransferFunctionScriptingTraits (0ms)
			SetupTypeCache (261ms)
			ReleaseScriptCaches (1ms)
			RebuildScriptCaches (35ms)
			SetupLoadedEditorAssemblies (289ms)
				LogAssemblyErrors (0ms)
				InitializePlatformSupportModulesInManaged (4ms)
				SetLoadedEditorAssemblies (0ms)
				RefreshPlugins (1ms)
				BeforeProcessingInitializeOnLoad (71ms)
				ProcessInitializeOnLoadAttributes (188ms)
				ProcessInitializeOnLoadMethodAttributes (18ms)
				AfterProcessingInitializeOnLoad (7ms)
				EditorAssembliesLoaded (0ms)
			ExecutionOrderSort2 (0ms)
			AwakeInstancesAfterBackupRestoration (5ms)
Platform modules already initialized, skipping
Shader 'Custom/RainShader': fallback shader 'Particles/Alpha Blended' not found
Refreshing native plugins compatible for Editor in 0.71 ms, found 14 plugins.
Preloading 2 native plugins for Editor in 0.14 ms.
Unloading 2206 Unused Serialized files (Serialized files now loaded: 0)
System memory in use before: 97.6 MB.
System memory in use after: 97.8 MB.

Unloading 16 unused Assets to reduce memory usage. Loaded Objects now: 2732.
Total: 2.657100 ms (FindLiveObjects: 0.185100 ms CreateObjectMapping: 0.093600 ms MarkObjects: 2.359100 ms  DeleteObjects: 0.018500 ms)

AssetImportParameters requested are different than current active one (requested -> active):
  custom:framework-win-MediaFoundation: 216162199b28c13a410421893ffa2e32 -> 
  custom:video-decoder-ogg-theora: a1e56fd34408186e4bbccfd4996cb3dc -> 
  custom:container-muxer-webm: aa71ff27fc2769a1b78a27578f13a17b -> 
  custom:container-demuxer-webm: 4f35f7cbe854078d1ac9338744f61a02 -> 
  custom:container-demuxer-ogg: 62fdf1f143b41e24485cea50d1cbac27 -> 
  custom:video-encoder-webm-vp8: eb34c28f22e8b96e1ab97ce403110664 -> 
  custom:video-decoder-webm-vp8: 9c59270c3fd7afecdb556c50c9e8de78 -> 
  custom:audio-decoder-ogg-vorbis: bf7c407c2cedff20999df2af8eb42d56 -> 
  custom:audio-encoder-webm-vorbis: bf7c407c2cedff20999df2af8eb42d56 -> 
========================================================================
Received Import Request.
  Time since last request: 41.027946 seconds.
  path: Assets/Effects/ExplodeR.prefab
  artifactKey: Guid(c0a15d884e5e7a9468ab38bba8a32604) Importer(815301076,1909f56bfc062723c751e8b465ee728b)
Start importing Assets/Effects/ExplodeR.prefab using Guid(c0a15d884e5e7a9468ab38bba8a32604) Importer(815301076,1909f56bfc062723c751e8b465ee728b)  -> (artifact id: '61e719eb46cca44859dbf9d1d8463da4') in 0.058167 seconds 
========================================================================
Received Import Request.
  Time since last request: 3.340669 seconds.
  path: Assets/Effects/ExplodeR.prefab
  artifactKey: Guid(c0a15d884e5e7a9468ab38bba8a32604) Importer(815301076,1909f56bfc062723c751e8b465ee728b)
Start importing Assets/Effects/ExplodeR.prefab using Guid(c0a15d884e5e7a9468ab38bba8a32604) Importer(815301076,1909f56bfc062723c751e8b465ee728b)  -> (artifact id: '58f8a066abbd85ad6e9497541d391422') in 0.004994 seconds 
========================================================================
Received Import Request.
  Time since last request: 2.400205 seconds.
  path: Assets/Effects/ExplodeR.prefab
  artifactKey: Guid(c0a15d884e5e7a9468ab38bba8a32604) Importer(815301076,1909f56bfc062723c751e8b465ee728b)
Start importing Assets/Effects/ExplodeR.prefab using Guid(c0a15d884e5e7a9468ab38bba8a32604) Importer(815301076,1909f56bfc062723c751e8b465ee728b)  -> (artifact id: '8732fe3b107f0d1bc584bed7db0a98a1') in 0.010422 seconds 
========================================================================
Received Import Request.
  Time since last request: 9.530723 seconds.
  path: Assets/Effects/ExplodeR.prefab
  artifactKey: Guid(c0a15d884e5e7a9468ab38bba8a32604) Importer(815301076,1909f56bfc062723c751e8b465ee728b)
Start importing Assets/Effects/ExplodeR.prefab using Guid(c0a15d884e5e7a9468ab38bba8a32604) Importer(815301076,1909f56bfc062723c751e8b465ee728b)  -> (artifact id: 'd973da324bf1b37bc304c9d69dd16a43') in 0.009636 seconds 
========================================================================
Received Import Request.
  Time since last request: 1.004210 seconds.
  path: Assets/Effects/ExplodeR.prefab
  artifactKey: Guid(c0a15d884e5e7a9468ab38bba8a32604) Importer(815301076,1909f56bfc062723c751e8b465ee728b)
Start importing Assets/Effects/ExplodeR.prefab using Guid(c0a15d884e5e7a9468ab38bba8a32604) Importer(815301076,1909f56bfc062723c751e8b465ee728b)  -> (artifact id: '40b5e3cecb019ba1f39df8f6f0ff8728') in 0.008965 seconds 
========================================================================
Received Prepare
Registering precompiled user dll's ...
Registered in 0.009735 seconds.
Begin MonoManager ReloadAssembly
Symbol file LoadedFromMemory doesn't match image C:\Users\seise\OneDrive\Documents\FelicityAmeliaSam\PuddleDanceVR\Library\PackageCache\com.unity.collab-proxy@1.15.15\Lib\Editor\PlasticSCM\unityplastic.dll
Native extension for WindowsStandalone target not found
Refreshing native plugins compatible for Editor in 0.93 ms, found 14 plugins.
Preloading 2 native plugins for Editor in 0.16 ms.
System.Reflection.TargetInvocationException: Exception has been thrown by the target of an invocation. ---> System.NullReferenceException: Object reference not set to an instance of an object
  at Unity.XR.Oculus.OculusLoader.AssetPathToAbsolutePath (System.String assetPath) [0x00048] in C:\Users\seise\OneDrive\Documents\FelicityAmeliaSam\PuddleDanceVR\Library\PackageCache\com.unity.xr.oculus@1.12.0\Runtime\OculusLoader.cs:251 
  at Unity.XR.Oculus.OculusLoader.EditorLoadOVRPlugin () [0x0007b] in C:\Users\seise\OneDrive\Documents\FelicityAmeliaSam\PuddleDanceVR\Library\PackageCache\com.unity.xr.oculus@1.12.0\Runtime\OculusLoader.cs:236 
  at (wrapper managed-to-native) System.Reflection.MonoMethod.InternalInvoke(System.Reflection.MonoMethod,object,object[],System.Exception&)
  at System.Reflection.MonoMethod.Invoke (System.Object obj, System.Reflection.BindingFlags invokeAttr, System.Reflection.Binder binder, System.Object[] parameters, System.Globalization.CultureInfo culture) [0x00032] in <695d1cc93cca45069c528c15c9fdd749>:0 
   --- End of inner exception stack trace ---
  at System.Reflection.MonoMethod.Invoke (System.Object obj, System.Reflection.BindingFlags invokeAttr, System.Reflection.Binder binder, System.Object[] parameters, System.Globalization.CultureInfo culture) [0x00048] in <695d1cc93cca45069c528c15c9fdd749>:0 
  at System.Reflection.MethodBase.Invoke (System.Object obj, System.Object[] parameters) [0x00000] in <695d1cc93cca45069c528c15c9fdd749>:0 
  at UnityEditor.EditorAssemblies.ProcessInitializeOnLoadMethodAttributes () [0x00047] in <3371b3e2e5754acd87e600e068350da5>:0 
UnityEngine.StackTraceUtility:ExtractStackTrace ()
UnityEngine.DebugLogHandler:LogFormat (UnityEngine.LogType,UnityEngine.Object,string,object[])
UnityEngine.Logger:Log (UnityEngine.LogType,object)
UnityEngine.Debug:LogError (object)
UnityEditor.EditorAssemblies:ProcessInitializeOnLoadMethodAttributes ()

Mono: successfully reloaded assembly
- Completed reload, in  0.970 seconds
Domain Reload Profiling:
	ReloadAssembly (970ms)
		BeginReloadAssembly (107ms)
			ExecutionOrderSort (0ms)
			DisableScriptedObjects (3ms)
			BackupInstance (0ms)
			ReleaseScriptingObjects (0ms)
			CreateAndSetChildDomain (30ms)
		EndReloadAssembly (790ms)
			LoadAssemblies (93ms)
			RebuildTransferFunctionScriptingTraits (0ms)
			SetupTypeCache (267ms)
			ReleaseScriptCaches (1ms)
			RebuildScriptCaches (35ms)
			SetupLoadedEditorAssemblies (289ms)
				LogAssemblyErrors (0ms)
				InitializePlatformSupportModulesInManaged (8ms)
				SetLoadedEditorAssemblies (1ms)
				RefreshPlugins (1ms)
				BeforeProcessingInitializeOnLoad (64ms)
				ProcessInitializeOnLoadAttributes (190ms)
				ProcessInitializeOnLoadMethodAttributes (18ms)
				AfterProcessingInitializeOnLoad (7ms)
				EditorAssembliesLoaded (0ms)
			ExecutionOrderSort2 (0ms)
			AwakeInstancesAfterBackupRestoration (5ms)
Platform modules already initialized, skipping
Shader 'Custom/RainShader': fallback shader 'Particles/Alpha Blended' not found
Refreshing native plugins compatible for Editor in 1.12 ms, found 14 plugins.
Preloading 2 native plugins for Editor in 0.26 ms.
Unloading 2206 Unused Serialized files (Serialized files now loaded: 0)
System memory in use before: 97.6 MB.
System memory in use after: 97.8 MB.

Unloading 16 unused Assets to reduce memory usage. Loaded Objects now: 2737.
Total: 2.885200 ms (FindLiveObjects: 0.170000 ms CreateObjectMapping: 0.079500 ms MarkObjects: 2.615600 ms  DeleteObjects: 0.019400 ms)

AssetImportParameters requested are different than current active one (requested -> active):
  custom:framework-win-MediaFoundation: 216162199b28c13a410421893ffa2e32 -> 
  custom:video-decoder-ogg-theora: a1e56fd34408186e4bbccfd4996cb3dc -> 
  custom:container-muxer-webm: aa71ff27fc2769a1b78a27578f13a17b -> 
  custom:container-demuxer-webm: 4f35f7cbe854078d1ac9338744f61a02 -> 
  custom:container-demuxer-ogg: 62fdf1f143b41e24485cea50d1cbac27 -> 
  custom:video-encoder-webm-vp8: eb34c28f22e8b96e1ab97ce403110664 -> 
  custom:video-decoder-webm-vp8: 9c59270c3fd7afecdb556c50c9e8de78 -> 
  custom:audio-decoder-ogg-vorbis: bf7c407c2cedff20999df2af8eb42d56 -> 
  custom:audio-encoder-webm-vorbis: bf7c407c2cedff20999df2af8eb42d56 -> 
========================================================================
Received Import Request.
  Time since last request: 40.210875 seconds.
  path: Assets/Effects/ExplodeR.prefab
  artifactKey: Guid(c0a15d884e5e7a9468ab38bba8a32604) Importer(815301076,1909f56bfc062723c751e8b465ee728b)
Start importing Assets/Effects/ExplodeR.prefab using Guid(c0a15d884e5e7a9468ab38bba8a32604) Importer(815301076,1909f56bfc062723c751e8b465ee728b)  -> (artifact id: '1b5d1efe457b6c653891857b86a8c47a') in 0.055314 seconds 
========================================================================
Received Import Request.
  Time since last request: 0.923406 seconds.
  path: Assets/Effects/ExplodeR.prefab
  artifactKey: Guid(c0a15d884e5e7a9468ab38bba8a32604) Importer(815301076,1909f56bfc062723c751e8b465ee728b)
Start importing Assets/Effects/ExplodeR.prefab using Guid(c0a15d884e5e7a9468ab38bba8a32604) Importer(815301076,1909f56bfc062723c751e8b465ee728b)  -> (artifact id: '8ffe486cca739e3c67c1a67d32c3123f') in 0.009458 seconds 
========================================================================
Received Import Request.
  Time since last request: 3.490697 seconds.
  path: Assets/Effects/ExplodeR.prefab
  artifactKey: Guid(c0a15d884e5e7a9468ab38bba8a32604) Importer(815301076,1909f56bfc062723c751e8b465ee728b)
Start importing Assets/Effects/ExplodeR.prefab using Guid(c0a15d884e5e7a9468ab38bba8a32604) Importer(815301076,1909f56bfc062723c751e8b465ee728b)  -> (artifact id: '40ad64260772805bee229ea94c68c832') in 0.009430 seconds 
========================================================================
Received Import Request.
  Time since last request: 1.785100 seconds.
  path: Assets/Effects/ExplodeR.prefab
  artifactKey: Guid(c0a15d884e5e7a9468ab38bba8a32604) Importer(815301076,1909f56bfc062723c751e8b465ee728b)
Start importing Assets/Effects/ExplodeR.prefab using Guid(c0a15d884e5e7a9468ab38bba8a32604) Importer(815301076,1909f56bfc062723c751e8b465ee728b)  -> (artifact id: 'd78a90d750c0c795927f7f6640dec647') in 0.009803 seconds 
========================================================================
Received Import Request.
  Time since last request: 1.611581 seconds.
  path: Assets/Effects/ExplodeR.prefab
  artifactKey: Guid(c0a15d884e5e7a9468ab38bba8a32604) Importer(815301076,1909f56bfc062723c751e8b465ee728b)
Start importing Assets/Effects/ExplodeR.prefab using Guid(c0a15d884e5e7a9468ab38bba8a32604) Importer(815301076,1909f56bfc062723c751e8b465ee728b)  -> (artifact id: 'a07effb8984d16fe6965739455a2b340') in 0.009179 seconds 
========================================================================
Received Import Request.
  Time since last request: 1.612447 seconds.
  path: Assets/Effects/ExplodeR.prefab
  artifactKey: Guid(c0a15d884e5e7a9468ab38bba8a32604) Importer(815301076,1909f56bfc062723c751e8b465ee728b)
Start importing Assets/Effects/ExplodeR.prefab using Guid(c0a15d884e5e7a9468ab38bba8a32604) Importer(815301076,1909f56bfc062723c751e8b465ee728b)  -> (artifact id: '3dac6813776738a5226d370b31c07a04') in 0.011176 seconds 
========================================================================
Received Import Request.
  Time since last request: 14.820681 seconds.
  path: Assets/Effects/ExplodeR.prefab
  artifactKey: Guid(c0a15d884e5e7a9468ab38bba8a32604) Importer(815301076,1909f56bfc062723c751e8b465ee728b)
Start importing Assets/Effects/ExplodeR.prefab using Guid(c0a15d884e5e7a9468ab38bba8a32604) Importer(815301076,1909f56bfc062723c751e8b465ee728b)  -> (artifact id: '3102ecd21e389fbe246721740f8edecd') in 0.009136 seconds 
========================================================================
Received Import Request.
  Time since last request: 10.083745 seconds.
  path: Assets/Effects/ExplodeR.prefab
  artifactKey: Guid(c0a15d884e5e7a9468ab38bba8a32604) Importer(815301076,1909f56bfc062723c751e8b465ee728b)
Start importing Assets/Effects/ExplodeR.prefab using Guid(c0a15d884e5e7a9468ab38bba8a32604) Importer(815301076,1909f56bfc062723c751e8b465ee728b)  -> (artifact id: 'e0bdec5e7ffc2341197df52547a7fb5f') in 0.009141 seconds 
========================================================================
Received Import Request.
  Time since last request: 6.246121 seconds.
  path: Assets/Effects/ExplodeR.prefab
  artifactKey: Guid(c0a15d884e5e7a9468ab38bba8a32604) Importer(815301076,1909f56bfc062723c751e8b465ee728b)
Start importing Assets/Effects/ExplodeR.prefab using Guid(c0a15d884e5e7a9468ab38bba8a32604) Importer(815301076,1909f56bfc062723c751e8b465ee728b)  -> (artifact id: '688f3076c32e995e0f1339fb276ce3d0') in 0.009119 seconds 
========================================================================
Received Prepare
Registering precompiled user dll's ...
Registered in 0.010619 seconds.
Begin MonoManager ReloadAssembly
Symbol file LoadedFromMemory doesn't match image C:\Users\seise\OneDrive\Documents\FelicityAmeliaSam\PuddleDanceVR\Library\PackageCache\com.unity.collab-proxy@1.15.15\Lib\Editor\PlasticSCM\unityplastic.dll
Native extension for WindowsStandalone target not found
Refreshing native plugins compatible for Editor in 1.10 ms, found 14 plugins.
Preloading 2 native plugins for Editor in 0.23 ms.
System.Reflection.TargetInvocationException: Exception has been thrown by the target of an invocation. ---> System.NullReferenceException: Object reference not set to an instance of an object
  at Unity.XR.Oculus.OculusLoader.AssetPathToAbsolutePath (System.String assetPath) [0x00048] in C:\Users\seise\OneDrive\Documents\FelicityAmeliaSam\PuddleDanceVR\Library\PackageCache\com.unity.xr.oculus@1.12.0\Runtime\OculusLoader.cs:251 
  at Unity.XR.Oculus.OculusLoader.EditorLoadOVRPlugin () [0x0007b] in C:\Users\seise\OneDrive\Documents\FelicityAmeliaSam\PuddleDanceVR\Library\PackageCache\com.unity.xr.oculus@1.12.0\Runtime\OculusLoader.cs:236 
  at (wrapper managed-to-native) System.Reflection.MonoMethod.InternalInvoke(System.Reflection.MonoMethod,object,object[],System.Exception&)
  at System.Reflection.MonoMethod.Invoke (System.Object obj, System.Reflection.BindingFlags invokeAttr, System.Reflection.Binder binder, System.Object[] parameters, System.Globalization.CultureInfo culture) [0x00032] in <695d1cc93cca45069c528c15c9fdd749>:0 
   --- End of inner exception stack trace ---
  at System.Reflection.MonoMethod.Invoke (System.Object obj, System.Reflection.BindingFlags invokeAttr, System.Reflection.Binder binder, System.Object[] parameters, System.Globalization.CultureInfo culture) [0x00048] in <695d1cc93cca45069c528c15c9fdd749>:0 
  at System.Reflection.MethodBase.Invoke (System.Object obj, System.Object[] parameters) [0x00000] in <695d1cc93cca45069c528c15c9fdd749>:0 
  at UnityEditor.EditorAssemblies.ProcessInitializeOnLoadMethodAttributes () [0x00047] in <3371b3e2e5754acd87e600e068350da5>:0 
UnityEngine.StackTraceUtility:ExtractStackTrace ()
UnityEngine.DebugLogHandler:LogFormat (UnityEngine.LogType,UnityEngine.Object,string,object[])
UnityEngine.Logger:Log (UnityEngine.LogType,object)
UnityEngine.Debug:LogError (object)
UnityEditor.EditorAssemblies:ProcessInitializeOnLoadMethodAttributes ()

Mono: successfully reloaded assembly
- Completed reload, in  0.977 seconds
Domain Reload Profiling:
	ReloadAssembly (977ms)
		BeginReloadAssembly (118ms)
			ExecutionOrderSort (0ms)
			DisableScriptedObjects (4ms)
			BackupInstance (0ms)
			ReleaseScriptingObjects (0ms)
			CreateAndSetChildDomain (36ms)
		EndReloadAssembly (800ms)
			LoadAssemblies (99ms)
			RebuildTransferFunctionScriptingTraits (0ms)
			SetupTypeCache (289ms)
			ReleaseScriptCaches (1ms)
			RebuildScriptCaches (38ms)
			SetupLoadedEditorAssemblies (285ms)
				LogAssemblyErrors (0ms)
				InitializePlatformSupportModulesInManaged (5ms)
				SetLoadedEditorAssemblies (1ms)
				RefreshPlugins (1ms)
				BeforeProcessingInitializeOnLoad (62ms)
				ProcessInitializeOnLoadAttributes (189ms)
				ProcessInitializeOnLoadMethodAttributes (20ms)
				AfterProcessingInitializeOnLoad (7ms)
				EditorAssembliesLoaded (0ms)
			ExecutionOrderSort2 (0ms)
			AwakeInstancesAfterBackupRestoration (6ms)
Platform modules already initialized, skipping
Shader 'Custom/RainShader': fallback shader 'Particles/Alpha Blended' not found
Refreshing native plugins compatible for Editor in 0.79 ms, found 14 plugins.
Preloading 2 native plugins for Editor in 0.23 ms.
Unloading 2206 Unused Serialized files (Serialized files now loaded: 0)
System memory in use before: 97.5 MB.
System memory in use after: 97.7 MB.

Unloading 16 unused Assets to reduce memory usage. Loaded Objects now: 2742.
Total: 2.714100 ms (FindLiveObjects: 0.187400 ms CreateObjectMapping: 0.093100 ms MarkObjects: 2.410600 ms  DeleteObjects: 0.022200 ms)

AssetImportParameters requested are different than current active one (requested -> active):
  custom:framework-win-MediaFoundation: 216162199b28c13a410421893ffa2e32 -> 
  custom:video-decoder-ogg-theora: a1e56fd34408186e4bbccfd4996cb3dc -> 
  custom:container-muxer-webm: aa71ff27fc2769a1b78a27578f13a17b -> 
  custom:container-demuxer-webm: 4f35f7cbe854078d1ac9338744f61a02 -> 
  custom:container-demuxer-ogg: 62fdf1f143b41e24485cea50d1cbac27 -> 
  custom:video-encoder-webm-vp8: eb34c28f22e8b96e1ab97ce403110664 -> 
  custom:video-decoder-webm-vp8: 9c59270c3fd7afecdb556c50c9e8de78 -> 
  custom:audio-decoder-ogg-vorbis: bf7c407c2cedff20999df2af8eb42d56 -> 
  custom:audio-encoder-webm-vorbis: bf7c407c2cedff20999df2af8eb42d56 -> 
========================================================================
Received Import Request.
  Time since last request: 35.573624 seconds.
  path: Assets/Effects/ExplodeR.prefab
  artifactKey: Guid(c0a15d884e5e7a9468ab38bba8a32604) Importer(815301076,1909f56bfc062723c751e8b465ee728b)
Start importing Assets/Effects/ExplodeR.prefab using Guid(c0a15d884e5e7a9468ab38bba8a32604) Importer(815301076,1909f56bfc062723c751e8b465ee728b)  -> (artifact id: 'da1c095265d17053835a57c0e71540f0') in 0.054372 seconds 
========================================================================
Received Import Request.
  Time since last request: 8.562373 seconds.
  path: Assets/Effects/ExplodeCorrect.prefab
  artifactKey: Guid(c0a15d884e5e7a9468ab38bba8a32604) Importer(815301076,1909f56bfc062723c751e8b465ee728b)
Start importing Assets/Effects/ExplodeCorrect.prefab using Guid(c0a15d884e5e7a9468ab38bba8a32604) Importer(815301076,1909f56bfc062723c751e8b465ee728b)  -> (artifact id: 'c14fc3765de68e5cb00a2c013401d84f') in 0.011720 seconds 
========================================================================
Received Import Request.
  Time since last request: 13.595516 seconds.
  path: Assets/sumScore/Prefabs/sumScore.prefab
  artifactKey: Guid(69002a90feac05341ba09f7949d7b90e) Importer(815301076,1909f56bfc062723c751e8b465ee728b)
Start importing Assets/sumScore/Prefabs/sumScore.prefab using Guid(69002a90feac05341ba09f7949d7b90e) Importer(815301076,1909f56bfc062723c751e8b465ee728b)  -> (artifact id: 'e05dc7b1f7eebc8f75898782b0fe2de9') in 0.016409 seconds 
========================================================================
Received Import Request.
  Time since last request: 0.000218 seconds.
  path: Assets/sumScore/Prefabs/sumScore_basic.prefab
  artifactKey: Guid(de2f70f44c2b594418c14d3e15393db0) Importer(815301076,1909f56bfc062723c751e8b465ee728b)
Start importing Assets/sumScore/Prefabs/sumScore_basic.prefab using Guid(de2f70f44c2b594418c14d3e15393db0) Importer(815301076,1909f56bfc062723c751e8b465ee728b)  -> (artifact id: 'f06a0eca4f608e89a52ae9ae3ed26f63') in 0.009221 seconds 
========================================================================
Received Import Request.
  Time since last request: 11.995219 seconds.
  path: Assets/Prefabs/LeftFoot.prefab
  artifactKey: Guid(01749656a4f06ad49a866bc816166d80) Importer(815301076,1909f56bfc062723c751e8b465ee728b)
Start importing Assets/Prefabs/LeftFoot.prefab using Guid(01749656a4f06ad49a866bc816166d80) Importer(815301076,1909f56bfc062723c751e8b465ee728b)  -> (artifact id: 'dab96b0d158ca8ecd264caa93f8b4eb6') in 0.034254 seconds 
========================================================================
Received Import Request.
  Time since last request: 0.000220 seconds.
  path: Assets/Prefabs/Target Left Hand.prefab
  artifactKey: Guid(5049a036dfcd36643ac18fb3c50806ec) Importer(815301076,1909f56bfc062723c751e8b465ee728b)
Start importing Assets/Prefabs/Target Left Hand.prefab using Guid(5049a036dfcd36643ac18fb3c50806ec) Importer(815301076,1909f56bfc062723c751e8b465ee728b)  -> (artifact id: '8edca6160d28c31b10a11126b1b041b8') in 0.027897 seconds 
========================================================================
Received Import Request.
  Time since last request: 0.000187 seconds.
  path: Assets/Prefabs/RightFoot.prefab
  artifactKey: Guid(cce40f73f4138d5458a41e9a72825075) Importer(815301076,1909f56bfc062723c751e8b465ee728b)
Start importing Assets/Prefabs/RightFoot.prefab using Guid(cce40f73f4138d5458a41e9a72825075) Importer(815301076,1909f56bfc062723c751e8b465ee728b)  -> (artifact id: 'ca820731c83a27bcde7dbd969bc3c0e6') in 0.011832 seconds 
========================================================================
Received Import Request.
  Time since last request: 0.000235 seconds.
  path: Assets/Prefabs/Target Left Foot.prefab
  artifactKey: Guid(bf4a06a20abf2814894e7f1874243ec0) Importer(815301076,1909f56bfc062723c751e8b465ee728b)
Start importing Assets/Prefabs/Target Left Foot.prefab using Guid(bf4a06a20abf2814894e7f1874243ec0) Importer(815301076,1909f56bfc062723c751e8b465ee728b)  -> (artifact id: 'b08f4c49cf8eb5dd189f475b1cc8ca5d') in 0.015958 seconds 
========================================================================
Received Import Request.
  Time since last request: 0.000230 seconds.
  path: Assets/Prefabs/Target Right Foot.prefab
  artifactKey: Guid(c9c4eddb2694aed4c8bbe102e3eae134) Importer(815301076,1909f56bfc062723c751e8b465ee728b)
Start importing Assets/Prefabs/Target Right Foot.prefab using Guid(c9c4eddb2694aed4c8bbe102e3eae134) Importer(815301076,1909f56bfc062723c751e8b465ee728b)  -> (artifact id: '5f9f21292dda06bcd3c1be78eb6740e1') in 0.015874 seconds 
========================================================================
Received Import Request.
  Time since last request: 0.000263 seconds.
  path: Assets/Prefabs/Target Right Hand.prefab
  artifactKey: Guid(a423452cd12fbc241a670af57577b79c) Importer(815301076,1909f56bfc062723c751e8b465ee728b)
Start importing Assets/Prefabs/Target Right Hand.prefab using Guid(a423452cd12fbc241a670af57577b79c) Importer(815301076,1909f56bfc062723c751e8b465ee728b)  -> (artifact id: 'c48cde80eca80fac7280d3e6e8abf1e1') in 0.014623 seconds 
========================================================================
Received Import Request.
  Time since last request: 1.032512 seconds.
  path: Assets/Models/foot_L.obj
  artifactKey: Guid(c32b2f5d082c41c4886d35d531b79044) Importer(815301076,1909f56bfc062723c751e8b465ee728b)
Start importing Assets/Models/foot_L.obj using Guid(c32b2f5d082c41c4886d35d531b79044) Importer(815301076,1909f56bfc062723c751e8b465ee728b)  -> (artifact id: '13b21d43a3f0d94274585ff8e8bf791f') in 0.076288 seconds 
========================================================================
Received Import Request.
  Time since last request: 0.000125 seconds.
  path: Assets/Models/foot_R.obj
  artifactKey: Guid(b8c4509b83b14474299043a72162a6d8) Importer(815301076,1909f56bfc062723c751e8b465ee728b)
Start importing Assets/Models/foot_R.obj using Guid(b8c4509b83b14474299043a72162a6d8) Importer(815301076,1909f56bfc062723c751e8b465ee728b)  -> (artifact id: '38545d5b19856ce5a43ba28de2e04816') in 0.021949 seconds 
========================================================================
Received Import Request.
  Time since last request: 1.194607 seconds.
  path: Assets/Materials/M_LeftFoot.mat
  artifactKey: Guid(6a595828180a07942814ae8f93688392) Importer(815301076,1909f56bfc062723c751e8b465ee728b)
Start importing Assets/Materials/M_LeftFoot.mat using Guid(6a595828180a07942814ae8f93688392) Importer(815301076,1909f56bfc062723c751e8b465ee728b)  -> (artifact id: 'b5ec11ece38e11f1341069a2e15d0160') in 0.012070 seconds 
========================================================================
Received Import Request.
  Time since last request: 0.000171 seconds.
  path: Assets/Materials/M_RightFoot.mat
  artifactKey: Guid(cd06343f61934e94797c789e592f044a) Importer(815301076,1909f56bfc062723c751e8b465ee728b)
Start importing Assets/Materials/M_RightFoot.mat using Guid(cd06343f61934e94797c789e592f044a) Importer(815301076,1909f56bfc062723c751e8b465ee728b)  -> (artifact id: 'c94bf71e5668263d44a59bffc37081eb') in 0.010572 seconds 
